Build started 2016-05-17 오후 5:38:37.
     1>Project "C:\Users\devbl\OneDrive\문서\GitHub\OfflineRendering\OfflineRendering\OfflineRendering.vcxproj" on node 2 (Build target(s)).
     1>ClCompile:
         C:\Program Files (x86)\Microsoft Visual Studio 14.0\VC\bin\CL.exe /c /I"C:\Users\devbl\Desktop\OpenGL Libraries\glm" /I"C:\Users\devbl\Desktop\OpenGL Libraries\glfw-3.1.2.bin.WIN32\include" /I"C:\Users\devbl\Desktop\OpenGL Libraries\glew-1.13.0\include" /ZI /nologo /W3 /WX- /sdl /Od /Oy- /D _MBCS /Gm /EHsc /RTC1 /MDd /GS /fp:precise /Zc:wchar_t /Zc:forScope /Zc:inline /Fo"Debug\\" /Fd"Debug\vc140.pdb" /Gd /TP /analyze- /errorReport:prompt EasyGLFW.cpp EasyGLFW_ModifyMe.cpp Main.cpp PlayerMovement.cpp
         PlayerMovement.cpp
     1>c:\users\devbl\onedrive\문서\github\offlinerendering\offlinerendering\playermovement.cpp(58): warning C4244: 'argument': conversion from 'double' to 'float', possible loss of data
     1>c:\users\devbl\onedrive\문서\github\offlinerendering\offlinerendering\playermovement.cpp(59): warning C4244: 'argument': conversion from 'double' to 'float', possible loss of data
     1>c:\users\devbl\onedrive\문서\github\offlinerendering\offlinerendering\playermovement.cpp(61): warning C4244: 'argument': conversion from 'double' to 'float', possible loss of data
     1>c:\program files (x86)\microsoft visual studio 14.0\vc\include\utility(145): warning C4244: 'initializing': conversion from 'int' to 'float', possible loss of data
         c:\users\devbl\onedrive\문서\github\offlinerendering\offlinerendering\playermovement.cpp(28): note: see reference to function template instantiation 'std::pair<const _Kty,_Ty>::pair<PlayerMovement::DIR_MOVEMENT,int,void>(_Other1 &&,_Other2 &&) noexcept' being compiled
                 with
                 [
                     _Kty=int,
                     _Ty=float,
                     _Other1=PlayerMovement::DIR_MOVEMENT,
                     _Other2=int
                 ]
         c:\users\devbl\onedrive\문서\github\offlinerendering\offlinerendering\playermovement.cpp(28): note: see reference to function template instantiation 'std::pair<const _Kty,_Ty>::pair<PlayerMovement::DIR_MOVEMENT,int,void>(_Other1 &&,_Other2 &&) noexcept' being compiled
                 with
                 [
                     _Kty=int,
                     _Ty=float,
                     _Other1=PlayerMovement::DIR_MOVEMENT,
                     _Other2=int
                 ]
     1>c:\program files (x86)\microsoft visual studio 14.0\vc\include\utility(145): warning C4244: 'initializing': conversion from 'double' to 'float', possible loss of data
         c:\users\devbl\onedrive\문서\github\offlinerendering\offlinerendering\playermovement.cpp(28): note: see reference to function template instantiation 'std::pair<const _Kty,_Ty>::pair<PlayerMovement::DIR_MOVEMENT,double,void>(_Other1 &&,_Other2 &&) noexcept' being compiled
                 with
                 [
                     _Kty=int,
                     _Ty=float,
                     _Other1=PlayerMovement::DIR_MOVEMENT,
                     _Other2=double
                 ]
         c:\users\devbl\onedrive\문서\github\offlinerendering\offlinerendering\playermovement.cpp(28): note: see reference to function template instantiation 'std::pair<const _Kty,_Ty>::pair<PlayerMovement::DIR_MOVEMENT,double,void>(_Other1 &&,_Other2 &&) noexcept' being compiled
                 with
                 [
                     _Kty=int,
                     _Ty=float,
                     _Other1=PlayerMovement::DIR_MOVEMENT,
                     _Other2=double
                 ]
         Generating Code...
         Compiling...
         Main.cpp
         EasyGLFW_ModifyMe.cpp
         EasyGLFW.cpp
         Generating Code...
       Link:
         C:\Program Files (x86)\Microsoft Visual Studio 14.0\VC\bin\link.exe /ERRORREPORT:PROMPT /OUT:"C:\Users\devbl\OneDrive\문서\GitHub\OfflineRendering\Debug\OfflineRendering.exe" /INCREMENTAL /NOLOGO /LIBPATH:"C:\Users\devbl\Desktop\OpenGL Libraries\glew-1.13.0\lib\Release\Win32" /LIBPATH:"C:\Users\devbl\Desktop\OpenGL Libraries\glfw-3.1.2.bin.WIN32\lib-vc2015" glew32.lib glfw3.lib glu32.lib opengl32.lib kernel32.lib user32.lib gdi32.lib winspool.lib comdlg32.lib advapi32.lib shell32.lib ole32.lib oleaut32.lib uuid.lib odbc32.lib odbccp32.lib /MANIFEST /MANIFESTUAC:"level='asInvoker' uiAccess='false'" /manifest:embed /Debug /PDB:"C:\Users\devbl\OneDrive\문서\GitHub\OfflineRendering\Debug\OfflineRendering.pdb" /TLBID:1 /DYNAMICBASE /NXCOMPAT /IMPLIB:"C:\Users\devbl\OneDrive\문서\GitHub\OfflineRendering\Debug\OfflineRendering.lib" /MACHINE:X86 Debug\EasyGLFW.obj
         Debug\EasyGLFW_ModifyMe.obj
         Debug\GLFW_KeyChecker.obj
         Debug\HPR.obj
         Debug\Main.obj
         Debug\PlayerMovement.obj
     1>LINK : warning LNK4098: defaultlib 'MSVCRT' conflicts with use of other libs; use /NODEFAULTLIB:library
         OfflineRendering.vcxproj -> C:\Users\devbl\OneDrive\문서\GitHub\OfflineRendering\Debug\OfflineRendering.exe
     1>Done Building Project "C:\Users\devbl\OneDrive\문서\GitHub\OfflineRendering\OfflineRendering\OfflineRendering.vcxproj" (Build target(s)).

Build succeeded.

Time Elapsed 00:00:03.10
