Build started 2016-05-21 오전 5:41:21.
     1>Project "C:\Users\devbl\OneDrive\문서\GitHub\OfflineRendering\OfflineRendering\OfflineRendering.vcxproj" on node 2 (Build target(s)).
     1>ClCompile:
         C:\Program Files (x86)\Microsoft Visual Studio 14.0\VC\bin\CL.exe /c /I"C:\Users\devbl\Desktop\C++ Libs\opencv\build\include" /I"C:\Users\devbl\Desktop\OpenGL Libraries\glm" /I"C:\Users\devbl\Desktop\OpenGL Libraries\glfw-3.1.2.bin.WIN32\include" /I"C:\Users\devbl\Desktop\OpenGL Libraries\glew-1.13.0\include" /Zi /nologo /W3 /WX- /sdl /O2 /Oi /Oy- /GL /D _MBCS /Gm- /EHsc /MD /GS /Gy /fp:precise /Zc:wchar_t /Zc:forScope /Zc:inline /Fo"Release\\" /Fd"Release\vc140.pdb" /Gd /TP /analyze- /errorReport:prompt OpenCV_VideoRecorder.cpp
         OpenCV_VideoRecorder.cpp
     1>C:\Users\devbl\Desktop\C++ Libs\opencv\build\include\opencv2/core/mat.hpp(1965): warning C4819: The file contains a character that cannot be represented in the current code page (949). Save the file in Unicode format to prevent data loss
     1>C:\Users\devbl\Desktop\C++ Libs\opencv\build\include\opencv2/core/persistence.hpp : warning C4819: The file contains a character that cannot be represented in the current code page (949). Save the file in Unicode format to prevent data loss
     1>C:\Users\devbl\Desktop\C++ Libs\opencv\build\include\opencv2/core/utility.hpp : warning C4819: The file contains a character that cannot be represented in the current code page (949). Save the file in Unicode format to prevent data loss
       Link:
         C:\Program Files (x86)\Microsoft Visual Studio 14.0\VC\bin\link.exe /ERRORREPORT:PROMPT /OUT:"C:\Users\devbl\OneDrive\문서\GitHub\OfflineRendering\Release\OfflineRendering.exe" /NOLOGO /LIBPATH:"C:\Users\devbl\Desktop\C++ Libs\opencv\build\x86\vc14 built\lib\Release" /LIBPATH:"C:\Users\devbl\Desktop\OpenGL Libraries\glew-1.13.0\lib\Release\Win32" /LIBPATH:"C:\Users\devbl\Desktop\OpenGL Libraries\glfw-3.1.2.bin.WIN32\lib-vc2015" glew32.lib glfw3.lib glu32.lib opengl32.lib opencv_calib3d310.lib opencv_core310.lib opencv_features2d310.lib opencv_flann310.lib opencv_highgui310.lib opencv_imgcodecs310.lib opencv_imgproc310.lib opencv_ml310.lib opencv_objdetect310.lib opencv_photo310.lib opencv_stitching310.lib opencv_superres310.lib opencv_ts310.lib opencv_video310.lib opencv_videoio310.lib opencv_videostab310.lib kernel32.lib user32.lib gdi32.lib winspool.lib comdlg32.lib advapi32.lib shell32.lib ole32.lib oleaut32.lib uuid.lib odbc32.lib odbccp32.lib /MANIFEST /MANIFESTUAC:"level='asInvoker' uiAccess='false'" /manifest:embed /Debug /PDB:"C:\Users\devbl\OneDrive\문서\GitHub\OfflineRendering\Release\OfflineRendering.pdb" /OPT:REF /OPT:ICF /LTCG:incremental /TLBID:1 /DYNAMICBASE /NXCOMPAT /IMPLIB:"C:\Users\devbl\OneDrive\문서\GitHub\OfflineRendering\Release\OfflineRendering.lib" /MACHINE:X86 /SAFESEH Release\EasyGLFW.obj
         Release\EasyGLFW_ModifyMe.obj
         Release\GLFW_KeyChecker.obj
         Release\HPR.obj
         Release\Main.obj
         Release\OpenCV_VideoRecorder.obj
         Release\OpenGL_ProjectManager.obj
         Release\PlayerMovement.obj
         Release\WorldRenderer.obj
         Generating code
         9 of 426 functions ( 2.1%) were compiled, the rest were copied from previous compilation.
           7 functions were new in current compilation
           0 functions had inline decision re-evaluated but remain unchanged
         Finished generating code
         OfflineRendering.vcxproj -> C:\Users\devbl\OneDrive\문서\GitHub\OfflineRendering\Release\OfflineRendering.exe
     1>Done Building Project "C:\Users\devbl\OneDrive\문서\GitHub\OfflineRendering\OfflineRendering\OfflineRendering.vcxproj" (Build target(s)).

Build succeeded.

Time Elapsed 00:00:02.05
